FunctionCapability subscription matched with remote GUID: 0101bdf6cc46f4540ccb7e9380000002
FunctionCapability subscription matched with self GUID:   0101bdf6cc46f4540ccb7e9380000002
FunctionCapability subscription matched with remote GUID: 0101d113514eb1f6070384a380000002
FunctionCapability subscription matched with self GUID:   0101bdf6cc46f4540ccb7e9380000002
FunctionCapability subscription matched with remote GUID: 01013f2a0c4855c24c77718280000002
FunctionCapability subscription matched with self GUID:   0101bdf6cc46f4540ccb7e9380000002
*********ODA******** Reader structure and methods:
['Selector', '__class__', '__delattr__', '__dir__', '__doc__', '__enter__', '__eq__', '__exit__', '__format__', '__ge__', '__getattribute__', '__getstate__', '__gt__', '__hash__', '__init__', '__init_subclass__', '__le__', '__lshift__', '__lt__', '__module__', '__ne__', '__new__', '__reduce__', '__reduce_ex__', '__repr__', '__rshift__', '__setattr__', '__sizeof__', '__str__', '__subclasshook__', 'acknowledge_all', 'acknowledge_sample', 'close', 'closed', 'datareader_cache_status', 'datareader_protocol_status', 'default_filter_state', 'enable', 'enabled', 'find_all_by_topic', 'find_by_name', 'find_by_topic', 'instance_handle', 'is_matched_publication_alive', 'key_value', 'listener', 'liveliness_changed_status', 'lookup_instance', 'matched_publication_data', 'matched_publication_datareader_protocol_status', 'matched_publication_participant_data', 'matched_publications', 'qos', 'read', 'read_data', 'read_loaned', 'requested_deadline_missed_status', 'requested_incompatible_qos_status', 'retain', 'sample_lost_status', 'sample_rejected_status', 'select', 'set_listener', 'status_changes', 'subscriber', 'subscription_matched_status', 'take', 'take_async', 'take_data', 'take_data_async', 'take_loaned', 'topic_description', 'topic_name', 'type_name', 'unretain', 'use_count', 'wait_for_historical_data', 'wait_for_historical_data_async']
**********ODA******** Reader matched publications:
['__add__', '__bool__', '__class__', '__contains__', '__delattr__', '__delitem__', '__dir__', '__doc__', '__eq__', '__format__', '__ge__', '__getattribute__', '__getitem__', '__getstate__', '__gt__', '__hash__', '__iadd__', '__imul__', '__init__', '__init_subclass__', '__iter__', '__le__', '__len__', '__lt__', '__module__', '__mul__', '__ne__', '__new__', '__reduce__', '__reduce_ex__', '__repr__', '__rmul__', '__setattr__', '__setitem__', '__sizeof__', '__str__', '__subclasshook__', 'append', 'clear', 'count', 'extend', 'insert', 'pop', 'remove']
*********ODA********* Current publication: 01013f2a0c4855c24c77718280000002
DEBUG: PROVIDER side processing function_id=5619beec-81dd-4f35-b1fc-8f049dc11ca2, provider=0101bdf6cc46f4540ccb7e9380000002, client=0101bdf6cc46f4540ccb7e9380000002
DEBUG: FunctionCapabilityListener.on_data_available processed sample 5619beec-81dd-4f35-b1fc-8f049dc11ca2_<rti.connextdds.Time object at 0x105eedf30>
*********ODA******** Reader structure and methods:
['Selector', '__class__', '__delattr__', '__dir__', '__doc__', '__enter__', '__eq__', '__exit__', '__format__', '__ge__', '__getattribute__', '__getstate__', '__gt__', '__hash__', '__init__', '__init_subclass__', '__le__', '__lshift__', '__lt__', '__module__', '__ne__', '__new__', '__reduce__', '__reduce_ex__', '__repr__', '__rshift__', '__setattr__', '__sizeof__', '__str__', '__subclasshook__', 'acknowledge_all', 'acknowledge_sample', 'close', 'closed', 'datareader_cache_status', 'datareader_protocol_status', 'default_filter_state', 'enable', 'enabled', 'find_all_by_topic', 'find_by_name', 'find_by_topic', 'instance_handle', 'is_matched_publication_alive', 'key_value', 'listener', 'liveliness_changed_status', 'lookup_instance', 'matched_publication_data', 'matched_publication_datareader_protocol_status', 'matched_publication_participant_data', 'matched_publications', 'qos', 'read', 'read_data', 'read_loaned', 'requested_deadline_missed_status', 'requested_incompatible_qos_status', 'retain', 'sample_lost_status', 'sample_rejected_status', 'select', 'set_listener', 'status_changes', 'subscriber', 'subscription_matched_status', 'take', 'take_async', 'take_data', 'take_data_async', 'take_loaned', 'topic_description', 'topic_name', 'type_name', 'unretain', 'use_count', 'wait_for_historical_data', 'wait_for_historical_data_async']
**********ODA******** Reader matched publications:
['__add__', '__bool__', '__class__', '__contains__', '__delattr__', '__delitem__', '__dir__', '__doc__', '__eq__', '__format__', '__ge__', '__getattribute__', '__getitem__', '__getstate__', '__gt__', '__hash__', '__iadd__', '__imul__', '__init__', '__init_subclass__', '__iter__', '__le__', '__len__', '__lt__', '__module__', '__mul__', '__ne__', '__new__', '__reduce__', '__reduce_ex__', '__repr__', '__rmul__', '__setattr__', '__setitem__', '__sizeof__', '__str__', '__subclasshook__', 'append', 'clear', 'count', 'extend', 'insert', 'pop', 'remove']
*********ODA********* Current publication: 01013f2a0c4855c24c77718280000002
DEBUG: PROVIDER side processing function_id=f21692b9-3fec-4d51-b3e0-862a337434fa, provider=0101bdf6cc46f4540ccb7e9380000002, client=0101bdf6cc46f4540ccb7e9380000002
DEBUG: FunctionCapabilityListener.on_data_available processed sample f21692b9-3fec-4d51-b3e0-862a337434fa_<rti.connextdds.Time object at 0x105eee2f0>
*********ODA******** Reader structure and methods:
['Selector', '__class__', '__delattr__', '__dir__', '__doc__', '__enter__', '__eq__', '__exit__', '__format__', '__ge__', '__getattribute__', '__getstate__', '__gt__', '__hash__', '__init__', '__init_subclass__', '__le__', '__lshift__', '__lt__', '__module__', '__ne__', '__new__', '__reduce__', '__reduce_ex__', '__repr__', '__rshift__', '__setattr__', '__sizeof__', '__str__', '__subclasshook__', 'acknowledge_all', 'acknowledge_sample', 'close', 'closed', 'datareader_cache_status', 'datareader_protocol_status', 'default_filter_state', 'enable', 'enabled', 'find_all_by_topic', 'find_by_name', 'find_by_topic', 'instance_handle', 'is_matched_publication_alive', 'key_value', 'listener', 'liveliness_changed_status', 'lookup_instance', 'matched_publication_data', 'matched_publication_datareader_protocol_status', 'matched_publication_participant_data', 'matched_publications', 'qos', 'read', 'read_data', 'read_loaned', 'requested_deadline_missed_status', 'requested_incompatible_qos_status', 'retain', 'sample_lost_status', 'sample_rejected_status', 'select', 'set_listener', 'status_changes', 'subscriber', 'subscription_matched_status', 'take', 'take_async', 'take_data', 'take_data_async', 'take_loaned', 'topic_description', 'topic_name', 'type_name', 'unretain', 'use_count', 'wait_for_historical_data', 'wait_for_historical_data_async']
**********ODA******** Reader matched publications:
['__add__', '__bool__', '__class__', '__contains__', '__delattr__', '__delitem__', '__dir__', '__doc__', '__eq__', '__format__', '__ge__', '__getattribute__', '__getitem__', '__getstate__', '__gt__', '__hash__', '__iadd__', '__imul__', '__init__', '__init_subclass__', '__iter__', '__le__', '__len__', '__lt__', '__module__', '__mul__', '__ne__', '__new__', '__reduce__', '__reduce_ex__', '__repr__', '__rmul__', '__setattr__', '__setitem__', '__sizeof__', '__str__', '__subclasshook__', 'append', 'clear', 'count', 'extend', 'insert', 'pop', 'remove']
*********ODA********* Current publication: 01013f2a0c4855c24c77718280000002
DEBUG: PROVIDER side processing function_id=26902824-4418-4375-8f63-e0ba0a02d0d8, provider=0101bdf6cc46f4540ccb7e9380000002, client=0101bdf6cc46f4540ccb7e9380000002
DEBUG: FunctionCapabilityListener.on_data_available processed sample 26902824-4418-4375-8f63-e0ba0a02d0d8_<rti.connextdds.Time object at 0x105eee170>
*********ODA******** Reader structure and methods:
['Selector', '__class__', '__delattr__', '__dir__', '__doc__', '__enter__', '__eq__', '__exit__', '__format__', '__ge__', '__getattribute__', '__getstate__', '__gt__', '__hash__', '__init__', '__init_subclass__', '__le__', '__lshift__', '__lt__', '__module__', '__ne__', '__new__', '__reduce__', '__reduce_ex__', '__repr__', '__rshift__', '__setattr__', '__sizeof__', '__str__', '__subclasshook__', 'acknowledge_all', 'acknowledge_sample', 'close', 'closed', 'datareader_cache_status', 'datareader_protocol_status', 'default_filter_state', 'enable', 'enabled', 'find_all_by_topic', 'find_by_name', 'find_by_topic', 'instance_handle', 'is_matched_publication_alive', 'key_value', 'listener', 'liveliness_changed_status', 'lookup_instance', 'matched_publication_data', 'matched_publication_datareader_protocol_status', 'matched_publication_participant_data', 'matched_publications', 'qos', 'read', 'read_data', 'read_loaned', 'requested_deadline_missed_status', 'requested_incompatible_qos_status', 'retain', 'sample_lost_status', 'sample_rejected_status', 'select', 'set_listener', 'status_changes', 'subscriber', 'subscription_matched_status', 'take', 'take_async', 'take_data', 'take_data_async', 'take_loaned', 'topic_description', 'topic_name', 'type_name', 'unretain', 'use_count', 'wait_for_historical_data', 'wait_for_historical_data_async']
**********ODA******** Reader matched publications:
['__add__', '__bool__', '__class__', '__contains__', '__delattr__', '__delitem__', '__dir__', '__doc__', '__eq__', '__format__', '__ge__', '__getattribute__', '__getitem__', '__getstate__', '__gt__', '__hash__', '__iadd__', '__imul__', '__init__', '__init_subclass__', '__iter__', '__le__', '__len__', '__lt__', '__module__', '__mul__', '__ne__', '__new__', '__reduce__', '__reduce_ex__', '__repr__', '__rmul__', '__setattr__', '__setitem__', '__sizeof__', '__str__', '__subclasshook__', 'append', 'clear', 'count', 'extend', 'insert', 'pop', 'remove']
*********ODA********* Current publication: 01013f2a0c4855c24c77718280000002
DEBUG: CLIENT side processing function_id=aa8e2f03-e4ea-4015-a583-fa50fdcdcd2a, provider=01013f2a0c4855c24c77718280000002, client=0101bdf6cc46f4540ccb7e9380000002
DEBUG: FunctionCapabilityListener.on_data_available processed sample aa8e2f03-e4ea-4015-a583-fa50fdcdcd2a_<rti.connextdds.Time object at 0x105eee6b0>
*********ODA******** Reader structure and methods:
['Selector', '__class__', '__delattr__', '__dir__', '__doc__', '__enter__', '__eq__', '__exit__', '__format__', '__ge__', '__getattribute__', '__getstate__', '__gt__', '__hash__', '__init__', '__init_subclass__', '__le__', '__lshift__', '__lt__', '__module__', '__ne__', '__new__', '__reduce__', '__reduce_ex__', '__repr__', '__rshift__', '__setattr__', '__sizeof__', '__str__', '__subclasshook__', 'acknowledge_all', 'acknowledge_sample', 'close', 'closed', 'datareader_cache_status', 'datareader_protocol_status', 'default_filter_state', 'enable', 'enabled', 'find_all_by_topic', 'find_by_name', 'find_by_topic', 'instance_handle', 'is_matched_publication_alive', 'key_value', 'listener', 'liveliness_changed_status', 'lookup_instance', 'matched_publication_data', 'matched_publication_datareader_protocol_status', 'matched_publication_participant_data', 'matched_publications', 'qos', 'read', 'read_data', 'read_loaned', 'requested_deadline_missed_status', 'requested_incompatible_qos_status', 'retain', 'sample_lost_status', 'sample_rejected_status', 'select', 'set_listener', 'status_changes', 'subscriber', 'subscription_matched_status', 'take', 'take_async', 'take_data', 'take_data_async', 'take_loaned', 'topic_description', 'topic_name', 'type_name', 'unretain', 'use_count', 'wait_for_historical_data', 'wait_for_historical_data_async']
**********ODA******** Reader matched publications:
['__add__', '__bool__', '__class__', '__contains__', '__delattr__', '__delitem__', '__dir__', '__doc__', '__eq__', '__format__', '__ge__', '__getattribute__', '__getitem__', '__getstate__', '__gt__', '__hash__', '__iadd__', '__imul__', '__init__', '__init_subclass__', '__iter__', '__le__', '__len__', '__lt__', '__module__', '__mul__', '__ne__', '__new__', '__reduce__', '__reduce_ex__', '__repr__', '__rmul__', '__setattr__', '__setitem__', '__sizeof__', '__str__', '__subclasshook__', 'append', 'clear', 'count', 'extend', 'insert', 'pop', 'remove']
*********ODA********* Current publication: 01013f2a0c4855c24c77718280000002
DEBUG: CLIENT side processing function_id=3a8be584-dac2-4c09-818b-ed8b11b5578b, provider=01013f2a0c4855c24c77718280000002, client=0101bdf6cc46f4540ccb7e9380000002
DEBUG: FunctionCapabilityListener.on_data_available processed sample 3a8be584-dac2-4c09-818b-ed8b11b5578b_<rti.connextdds.Time object at 0x105eeea70>
*********ODA******** Reader structure and methods:
['Selector', '__class__', '__delattr__', '__dir__', '__doc__', '__enter__', '__eq__', '__exit__', '__format__', '__ge__', '__getattribute__', '__getstate__', '__gt__', '__hash__', '__init__', '__init_subclass__', '__le__', '__lshift__', '__lt__', '__module__', '__ne__', '__new__', '__reduce__', '__reduce_ex__', '__repr__', '__rshift__', '__setattr__', '__sizeof__', '__str__', '__subclasshook__', 'acknowledge_all', 'acknowledge_sample', 'close', 'closed', 'datareader_cache_status', 'datareader_protocol_status', 'default_filter_state', 'enable', 'enabled', 'find_all_by_topic', 'find_by_name', 'find_by_topic', 'instance_handle', 'is_matched_publication_alive', 'key_value', 'listener', 'liveliness_changed_status', 'lookup_instance', 'matched_publication_data', 'matched_publication_datareader_protocol_status', 'matched_publication_participant_data', 'matched_publications', 'qos', 'read', 'read_data', 'read_loaned', 'requested_deadline_missed_status', 'requested_incompatible_qos_status', 'retain', 'sample_lost_status', 'sample_rejected_status', 'select', 'set_listener', 'status_changes', 'subscriber', 'subscription_matched_status', 'take', 'take_async', 'take_data', 'take_data_async', 'take_loaned', 'topic_description', 'topic_name', 'type_name', 'unretain', 'use_count', 'wait_for_historical_data', 'wait_for_historical_data_async']
**********ODA******** Reader matched publications:
['__add__', '__bool__', '__class__', '__contains__', '__delattr__', '__delitem__', '__dir__', '__doc__', '__eq__', '__format__', '__ge__', '__getattribute__', '__getitem__', '__getstate__', '__gt__', '__hash__', '__iadd__', '__imul__', '__init__', '__init_subclass__', '__iter__', '__le__', '__len__', '__lt__', '__module__', '__mul__', '__ne__', '__new__', '__reduce__', '__reduce_ex__', '__repr__', '__rmul__', '__setattr__', '__setitem__', '__sizeof__', '__str__', '__subclasshook__', 'append', 'clear', 'count', 'extend', 'insert', 'pop', 'remove']
*********ODA********* Current publication: 01013f2a0c4855c24c77718280000002
DEBUG: CLIENT side processing function_id=824dfcd5-ea2d-430c-a1bd-5f03e89dabc1, provider=01013f2a0c4855c24c77718280000002, client=0101bdf6cc46f4540ccb7e9380000002
DEBUG: FunctionCapabilityListener.on_data_available processed sample 824dfcd5-ea2d-430c-a1bd-5f03e89dabc1_<rti.connextdds.Time object at 0x105eef130>
*********ODA******** Reader structure and methods:
['Selector', '__class__', '__delattr__', '__dir__', '__doc__', '__enter__', '__eq__', '__exit__', '__format__', '__ge__', '__getattribute__', '__getstate__', '__gt__', '__hash__', '__init__', '__init_subclass__', '__le__', '__lshift__', '__lt__', '__module__', '__ne__', '__new__', '__reduce__', '__reduce_ex__', '__repr__', '__rshift__', '__setattr__', '__sizeof__', '__str__', '__subclasshook__', 'acknowledge_all', 'acknowledge_sample', 'close', 'closed', 'datareader_cache_status', 'datareader_protocol_status', 'default_filter_state', 'enable', 'enabled', 'find_all_by_topic', 'find_by_name', 'find_by_topic', 'instance_handle', 'is_matched_publication_alive', 'key_value', 'listener', 'liveliness_changed_status', 'lookup_instance', 'matched_publication_data', 'matched_publication_datareader_protocol_status', 'matched_publication_participant_data', 'matched_publications', 'qos', 'read', 'read_data', 'read_loaned', 'requested_deadline_missed_status', 'requested_incompatible_qos_status', 'retain', 'sample_lost_status', 'sample_rejected_status', 'select', 'set_listener', 'status_changes', 'subscriber', 'subscription_matched_status', 'take', 'take_async', 'take_data', 'take_data_async', 'take_loaned', 'topic_description', 'topic_name', 'type_name', 'unretain', 'use_count', 'wait_for_historical_data', 'wait_for_historical_data_async']
**********ODA******** Reader matched publications:
['__add__', '__bool__', '__class__', '__contains__', '__delattr__', '__delitem__', '__dir__', '__doc__', '__eq__', '__format__', '__ge__', '__getattribute__', '__getitem__', '__getstate__', '__gt__', '__hash__', '__iadd__', '__imul__', '__init__', '__init_subclass__', '__iter__', '__le__', '__len__', '__lt__', '__module__', '__mul__', '__ne__', '__new__', '__reduce__', '__reduce_ex__', '__repr__', '__rmul__', '__setattr__', '__setitem__', '__sizeof__', '__str__', '__subclasshook__', 'append', 'clear', 'count', 'extend', 'insert', 'pop', 'remove']
*********ODA********* Current publication: 01013f2a0c4855c24c77718280000002
DEBUG: CLIENT side processing function_id=a793123b-dfa7-4a7b-8783-71f1d581fd7e, provider=01013f2a0c4855c24c77718280000002, client=0101bdf6cc46f4540ccb7e9380000002
DEBUG: FunctionCapabilityListener.on_data_available processed sample a793123b-dfa7-4a7b-8783-71f1d581fd7e_<rti.connextdds.Time object at 0x105eef430>
FunctionCapability subscription matched with remote GUID: 01010953cb4a94a0d211a79080008402
FunctionCapability subscription matched with self GUID:   0101bdf6cc46f4540ccb7e9380000002
*********ODA******** Reader structure and methods:
['Selector', '__class__', '__delattr__', '__dir__', '__doc__', '__enter__', '__eq__', '__exit__', '__format__', '__ge__', '__getattribute__', '__getstate__', '__gt__', '__hash__', '__init__', '__init_subclass__', '__le__', '__lshift__', '__lt__', '__module__', '__ne__', '__new__', '__reduce__', '__reduce_ex__', '__repr__', '__rshift__', '__setattr__', '__sizeof__', '__str__', '__subclasshook__', 'acknowledge_all', 'acknowledge_sample', 'close', 'closed', 'datareader_cache_status', 'datareader_protocol_status', 'default_filter_state', 'enable', 'enabled', 'find_all_by_topic', 'find_by_name', 'find_by_topic', 'instance_handle', 'is_matched_publication_alive', 'key_value', 'listener', 'liveliness_changed_status', 'lookup_instance', 'matched_publication_data', 'matched_publication_datareader_protocol_status', 'matched_publication_participant_data', 'matched_publications', 'qos', 'read', 'read_data', 'read_loaned', 'requested_deadline_missed_status', 'requested_incompatible_qos_status', 'retain', 'sample_lost_status', 'sample_rejected_status', 'select', 'set_listener', 'status_changes', 'subscriber', 'subscription_matched_status', 'take', 'take_async', 'take_data', 'take_data_async', 'take_loaned', 'topic_description', 'topic_name', 'type_name', 'unretain', 'use_count', 'wait_for_historical_data', 'wait_for_historical_data_async']
**********ODA******** Reader matched publications:
['__add__', '__bool__', '__class__', '__contains__', '__delattr__', '__delitem__', '__dir__', '__doc__', '__eq__', '__format__', '__ge__', '__getattribute__', '__getitem__', '__getstate__', '__gt__', '__hash__', '__iadd__', '__imul__', '__init__', '__init_subclass__', '__iter__', '__le__', '__len__', '__lt__', '__module__', '__mul__', '__ne__', '__new__', '__reduce__', '__reduce_ex__', '__repr__', '__rmul__', '__setattr__', '__setitem__', '__sizeof__', '__str__', '__subclasshook__', 'append', 'clear', 'count', 'extend', 'insert', 'pop', 'remove']
*********ODA********* Current publication: 01010953cb4a94a0d211a79080008402
DEBUG: CLIENT side processing function_id=9a902f32-1236-4ca9-ad07-d0da140d4d89, provider=01010953cb4a94a0d211a79080008402, client=0101bdf6cc46f4540ccb7e9380000002
DEBUG: FunctionCapabilityListener.on_data_available processed sample 9a902f32-1236-4ca9-ad07-d0da140d4d89_<rti.connextdds.Time object at 0x105eef930>
*********ODA******** Reader structure and methods:
['Selector', '__class__', '__delattr__', '__dir__', '__doc__', '__enter__', '__eq__', '__exit__', '__format__', '__ge__', '__getattribute__', '__getstate__', '__gt__', '__hash__', '__init__', '__init_subclass__', '__le__', '__lshift__', '__lt__', '__module__', '__ne__', '__new__', '__reduce__', '__reduce_ex__', '__repr__', '__rshift__', '__setattr__', '__sizeof__', '__str__', '__subclasshook__', 'acknowledge_all', 'acknowledge_sample', 'close', 'closed', 'datareader_cache_status', 'datareader_protocol_status', 'default_filter_state', 'enable', 'enabled', 'find_all_by_topic', 'find_by_name', 'find_by_topic', 'instance_handle', 'is_matched_publication_alive', 'key_value', 'listener', 'liveliness_changed_status', 'lookup_instance', 'matched_publication_data', 'matched_publication_datareader_protocol_status', 'matched_publication_participant_data', 'matched_publications', 'qos', 'read', 'read_data', 'read_loaned', 'requested_deadline_missed_status', 'requested_incompatible_qos_status', 'retain', 'sample_lost_status', 'sample_rejected_status', 'select', 'set_listener', 'status_changes', 'subscriber', 'subscription_matched_status', 'take', 'take_async', 'take_data', 'take_data_async', 'take_loaned', 'topic_description', 'topic_name', 'type_name', 'unretain', 'use_count', 'wait_for_historical_data', 'wait_for_historical_data_async']
**********ODA******** Reader matched publications:
['__add__', '__bool__', '__class__', '__contains__', '__delattr__', '__delitem__', '__dir__', '__doc__', '__eq__', '__format__', '__ge__', '__getattribute__', '__getitem__', '__getstate__', '__gt__', '__hash__', '__iadd__', '__imul__', '__init__', '__init_subclass__', '__iter__', '__le__', '__len__', '__lt__', '__module__', '__mul__', '__ne__', '__new__', '__reduce__', '__reduce_ex__', '__repr__', '__rmul__', '__setattr__', '__setitem__', '__sizeof__', '__str__', '__subclasshook__', 'append', 'clear', 'count', 'extend', 'insert', 'pop', 'remove']
*********ODA********* Current publication: 01010953cb4a94a0d211a79080008402
DEBUG: CLIENT side processing function_id=b370456b-c6bd-4530-9179-78ee9781cbce, provider=01010953cb4a94a0d211a79080008402, client=0101bdf6cc46f4540ccb7e9380000002
DEBUG: FunctionCapabilityListener.on_data_available processed sample b370456b-c6bd-4530-9179-78ee9781cbce_<rti.connextdds.Time object at 0x113564270>
*********ODA******** Reader structure and methods:
['Selector', '__class__', '__delattr__', '__dir__', '__doc__', '__enter__', '__eq__', '__exit__', '__format__', '__ge__', '__getattribute__', '__getstate__', '__gt__', '__hash__', '__init__', '__init_subclass__', '__le__', '__lshift__', '__lt__', '__module__', '__ne__', '__new__', '__reduce__', '__reduce_ex__', '__repr__', '__rshift__', '__setattr__', '__sizeof__', '__str__', '__subclasshook__', 'acknowledge_all', 'acknowledge_sample', 'close', 'closed', 'datareader_cache_status', 'datareader_protocol_status', 'default_filter_state', 'enable', 'enabled', 'find_all_by_topic', 'find_by_name', 'find_by_topic', 'instance_handle', 'is_matched_publication_alive', 'key_value', 'listener', 'liveliness_changed_status', 'lookup_instance', 'matched_publication_data', 'matched_publication_datareader_protocol_status', 'matched_publication_participant_data', 'matched_publications', 'qos', 'read', 'read_data', 'read_loaned', 'requested_deadline_missed_status', 'requested_incompatible_qos_status', 'retain', 'sample_lost_status', 'sample_rejected_status', 'select', 'set_listener', 'status_changes', 'subscriber', 'subscription_matched_status', 'take', 'take_async', 'take_data', 'take_data_async', 'take_loaned', 'topic_description', 'topic_name', 'type_name', 'unretain', 'use_count', 'wait_for_historical_data', 'wait_for_historical_data_async']
**********ODA******** Reader matched publications:
['__add__', '__bool__', '__class__', '__contains__', '__delattr__', '__delitem__', '__dir__', '__doc__', '__eq__', '__format__', '__ge__', '__getattribute__', '__getitem__', '__getstate__', '__gt__', '__hash__', '__iadd__', '__imul__', '__init__', '__init_subclass__', '__iter__', '__le__', '__len__', '__lt__', '__module__', '__mul__', '__ne__', '__new__', '__reduce__', '__reduce_ex__', '__repr__', '__rmul__', '__setattr__', '__setitem__', '__sizeof__', '__str__', '__subclasshook__', 'append', 'clear', 'count', 'extend', 'insert', 'pop', 'remove']
*********ODA********* Current publication: 01010953cb4a94a0d211a79080008402
DEBUG: CLIENT side processing function_id=d42031df-f666-4c59-aee5-e1408cdd58e2, provider=01010953cb4a94a0d211a79080008402, client=0101bdf6cc46f4540ccb7e9380000002
DEBUG: FunctionCapabilityListener.on_data_available processed sample d42031df-f666-4c59-aee5-e1408cdd58e2_<rti.connextdds.Time object at 0x113564730>
FunctionCapability subscription matched with remote GUID: 0101b6f4b14f413472b50c9d80000002
FunctionCapability subscription matched with self GUID:   0101bdf6cc46f4540ccb7e9380000002
FunctionCapability subscription matched with remote GUID: 01012e794540c9afea40e9a480000002
FunctionCapability subscription matched with self GUID:   0101bdf6cc46f4540ccb7e9380000002
FunctionCapability subscription matched with remote GUID: 0101abac624793111bc93d8480002102
FunctionCapability subscription matched with self GUID:   0101bdf6cc46f4540ccb7e9380000002
FunctionCapability subscription matched with remote GUID: 010145a90448ce83ef60fb8180000002
FunctionCapability subscription matched with self GUID:   0101bdf6cc46f4540ccb7e9380000002
*********ODA******** Reader structure and methods:
['Selector', '__class__', '__delattr__', '__dir__', '__doc__', '__enter__', '__eq__', '__exit__', '__format__', '__ge__', '__getattribute__', '__getstate__', '__gt__', '__hash__', '__init__', '__init_subclass__', '__le__', '__lshift__', '__lt__', '__module__', '__ne__', '__new__', '__reduce__', '__reduce_ex__', '__repr__', '__rshift__', '__setattr__', '__sizeof__', '__str__', '__subclasshook__', 'acknowledge_all', 'acknowledge_sample', 'close', 'closed', 'datareader_cache_status', 'datareader_protocol_status', 'default_filter_state', 'enable', 'enabled', 'find_all_by_topic', 'find_by_name', 'find_by_topic', 'instance_handle', 'is_matched_publication_alive', 'key_value', 'listener', 'liveliness_changed_status', 'lookup_instance', 'matched_publication_data', 'matched_publication_datareader_protocol_status', 'matched_publication_participant_data', 'matched_publications', 'qos', 'read', 'read_data', 'read_loaned', 'requested_deadline_missed_status', 'requested_incompatible_qos_status', 'retain', 'sample_lost_status', 'sample_rejected_status', 'select', 'set_listener', 'status_changes', 'subscriber', 'subscription_matched_status', 'take', 'take_async', 'take_data', 'take_data_async', 'take_loaned', 'topic_description', 'topic_name', 'type_name', 'unretain', 'use_count', 'wait_for_historical_data', 'wait_for_historical_data_async']
**********ODA******** Reader matched publications:
['__add__', '__bool__', '__class__', '__contains__', '__delattr__', '__delitem__', '__dir__', '__doc__', '__eq__', '__format__', '__ge__', '__getattribute__', '__getitem__', '__getstate__', '__gt__', '__hash__', '__iadd__', '__imul__', '__init__', '__init_subclass__', '__iter__', '__le__', '__len__', '__lt__', '__module__', '__mul__', '__ne__', '__new__', '__reduce__', '__reduce_ex__', '__repr__', '__rmul__', '__setattr__', '__setitem__', '__sizeof__', '__str__', '__subclasshook__', 'append', 'clear', 'count', 'extend', 'insert', 'pop', 'remove']
*********ODA********* Current publication: 01010953cb4a94a0d211a79080008402
DEBUG: CLIENT side processing function_id=974651b9-4f2b-4a32-9960-d80697017a9e, provider=010145a90448ce83ef60fb8180000002, client=0101bdf6cc46f4540ccb7e9380000002
DEBUG: FunctionCapabilityListener.on_data_available processed sample 974651b9-4f2b-4a32-9960-d80697017a9e_<rti.connextdds.Time object at 0x1135705b0>
*********ODA******** Reader structure and methods:
['Selector', '__class__', '__delattr__', '__dir__', '__doc__', '__enter__', '__eq__', '__exit__', '__format__', '__ge__', '__getattribute__', '__getstate__', '__gt__', '__hash__', '__init__', '__init_subclass__', '__le__', '__lshift__', '__lt__', '__module__', '__ne__', '__new__', '__reduce__', '__reduce_ex__', '__repr__', '__rshift__', '__setattr__', '__sizeof__', '__str__', '__subclasshook__', 'acknowledge_all', 'acknowledge_sample', 'close', 'closed', 'datareader_cache_status', 'datareader_protocol_status', 'default_filter_state', 'enable', 'enabled', 'find_all_by_topic', 'find_by_name', 'find_by_topic', 'instance_handle', 'is_matched_publication_alive', 'key_value', 'listener', 'liveliness_changed_status', 'lookup_instance', 'matched_publication_data', 'matched_publication_datareader_protocol_status', 'matched_publication_participant_data', 'matched_publications', 'qos', 'read', 'read_data', 'read_loaned', 'requested_deadline_missed_status', 'requested_incompatible_qos_status', 'retain', 'sample_lost_status', 'sample_rejected_status', 'select', 'set_listener', 'status_changes', 'subscriber', 'subscription_matched_status', 'take', 'take_async', 'take_data', 'take_data_async', 'take_loaned', 'topic_description', 'topic_name', 'type_name', 'unretain', 'use_count', 'wait_for_historical_data', 'wait_for_historical_data_async']
**********ODA******** Reader matched publications:
['__add__', '__bool__', '__class__', '__contains__', '__delattr__', '__delitem__', '__dir__', '__doc__', '__eq__', '__format__', '__ge__', '__getattribute__', '__getitem__', '__getstate__', '__gt__', '__hash__', '__iadd__', '__imul__', '__init__', '__init_subclass__', '__iter__', '__le__', '__len__', '__lt__', '__module__', '__mul__', '__ne__', '__new__', '__reduce__', '__reduce_ex__', '__repr__', '__rmul__', '__setattr__', '__setitem__', '__sizeof__', '__str__', '__subclasshook__', 'append', 'clear', 'count', 'extend', 'insert', 'pop', 'remove']
*********ODA********* Current publication: 01010953cb4a94a0d211a79080008402
DEBUG: CLIENT side processing function_id=573dc318-f5e3-4ec6-a028-ae027928af5c, provider=010145a90448ce83ef60fb8180000002, client=0101bdf6cc46f4540ccb7e9380000002
DEBUG: FunctionCapabilityListener.on_data_available processed sample 573dc318-f5e3-4ec6-a028-ae027928af5c_<rti.connextdds.Time object at 0x113570930>
*********ODA******** Reader structure and methods:
['Selector', '__class__', '__delattr__', '__dir__', '__doc__', '__enter__', '__eq__', '__exit__', '__format__', '__ge__', '__getattribute__', '__getstate__', '__gt__', '__hash__', '__init__', '__init_subclass__', '__le__', '__lshift__', '__lt__', '__module__', '__ne__', '__new__', '__reduce__', '__reduce_ex__', '__repr__', '__rshift__', '__setattr__', '__sizeof__', '__str__', '__subclasshook__', 'acknowledge_all', 'acknowledge_sample', 'close', 'closed', 'datareader_cache_status', 'datareader_protocol_status', 'default_filter_state', 'enable', 'enabled', 'find_all_by_topic', 'find_by_name', 'find_by_topic', 'instance_handle', 'is_matched_publication_alive', 'key_value', 'listener', 'liveliness_changed_status', 'lookup_instance', 'matched_publication_data', 'matched_publication_datareader_protocol_status', 'matched_publication_participant_data', 'matched_publications', 'qos', 'read', 'read_data', 'read_loaned', 'requested_deadline_missed_status', 'requested_incompatible_qos_status', 'retain', 'sample_lost_status', 'sample_rejected_status', 'select', 'set_listener', 'status_changes', 'subscriber', 'subscription_matched_status', 'take', 'take_async', 'take_data', 'take_data_async', 'take_loaned', 'topic_description', 'topic_name', 'type_name', 'unretain', 'use_count', 'wait_for_historical_data', 'wait_for_historical_data_async']
**********ODA******** Reader matched publications:
['__add__', '__bool__', '__class__', '__contains__', '__delattr__', '__delitem__', '__dir__', '__doc__', '__eq__', '__format__', '__ge__', '__getattribute__', '__getitem__', '__getstate__', '__gt__', '__hash__', '__iadd__', '__imul__', '__init__', '__init_subclass__', '__iter__', '__le__', '__len__', '__lt__', '__module__', '__mul__', '__ne__', '__new__', '__reduce__', '__reduce_ex__', '__repr__', '__rmul__', '__setattr__', '__setitem__', '__sizeof__', '__str__', '__subclasshook__', 'append', 'clear', 'count', 'extend', 'insert', 'pop', 'remove']
*********ODA********* Current publication: 01010953cb4a94a0d211a79080008402
DEBUG: CLIENT side processing function_id=0deda4a7-7280-41a3-a0d9-f7749f394251, provider=010145a90448ce83ef60fb8180000002, client=0101bdf6cc46f4540ccb7e9380000002
DEBUG: FunctionCapabilityListener.on_data_available processed sample 0deda4a7-7280-41a3-a0d9-f7749f394251_<rti.connextdds.Time object at 0x113570e30>
*********ODA******** Reader structure and methods:
['Selector', '__class__', '__delattr__', '__dir__', '__doc__', '__enter__', '__eq__', '__exit__', '__format__', '__ge__', '__getattribute__', '__getstate__', '__gt__', '__hash__', '__init__', '__init_subclass__', '__le__', '__lshift__', '__lt__', '__module__', '__ne__', '__new__', '__reduce__', '__reduce_ex__', '__repr__', '__rshift__', '__setattr__', '__sizeof__', '__str__', '__subclasshook__', 'acknowledge_all', 'acknowledge_sample', 'close', 'closed', 'datareader_cache_status', 'datareader_protocol_status', 'default_filter_state', 'enable', 'enabled', 'find_all_by_topic', 'find_by_name', 'find_by_topic', 'instance_handle', 'is_matched_publication_alive', 'key_value', 'listener', 'liveliness_changed_status', 'lookup_instance', 'matched_publication_data', 'matched_publication_datareader_protocol_status', 'matched_publication_participant_data', 'matched_publications', 'qos', 'read', 'read_data', 'read_loaned', 'requested_deadline_missed_status', 'requested_incompatible_qos_status', 'retain', 'sample_lost_status', 'sample_rejected_status', 'select', 'set_listener', 'status_changes', 'subscriber', 'subscription_matched_status', 'take', 'take_async', 'take_data', 'take_data_async', 'take_loaned', 'topic_description', 'topic_name', 'type_name', 'unretain', 'use_count', 'wait_for_historical_data', 'wait_for_historical_data_async']
**********ODA******** Reader matched publications:
['__add__', '__bool__', '__class__', '__contains__', '__delattr__', '__delitem__', '__dir__', '__doc__', '__eq__', '__format__', '__ge__', '__getattribute__', '__getitem__', '__getstate__', '__gt__', '__hash__', '__iadd__', '__imul__', '__init__', '__init_subclass__', '__iter__', '__le__', '__len__', '__lt__', '__module__', '__mul__', '__ne__', '__new__', '__reduce__', '__reduce_ex__', '__repr__', '__rmul__', '__setattr__', '__setitem__', '__sizeof__', '__str__', '__subclasshook__', 'append', 'clear', 'count', 'extend', 'insert', 'pop', 'remove']
*********ODA********* Current publication: 01010953cb4a94a0d211a79080008402
DEBUG: CLIENT side processing function_id=5b424dbf-c7a6-46c8-aa55-74a1a79b1c2b, provider=010145a90448ce83ef60fb8180000002, client=0101bdf6cc46f4540ccb7e9380000002
DEBUG: FunctionCapabilityListener.on_data_available processed sample 5b424dbf-c7a6-46c8-aa55-74a1a79b1c2b_<rti.connextdds.Time object at 0x1135712f0>
FunctionCapability subscription matched with remote GUID: 0101bb59c04db1da7ddbb7b580002102
FunctionCapability subscription matched with self GUID:   0101bdf6cc46f4540ccb7e9380000002
FunctionCapability subscription matched with remote GUID: 01016704a54b46e3f88e18aa80002102
FunctionCapability subscription matched with self GUID:   0101bdf6cc46f4540ccb7e9380000002
FunctionCapability subscription matched with remote GUID: 01017fe186491777bab6c38d80000002
FunctionCapability subscription matched with self GUID:   0101bdf6cc46f4540ccb7e9380000002
*********ODA******** Reader structure and methods:
['Selector', '__class__', '__delattr__', '__dir__', '__doc__', '__enter__', '__eq__', '__exit__', '__format__', '__ge__', '__getattribute__', '__getstate__', '__gt__', '__hash__', '__init__', '__init_subclass__', '__le__', '__lshift__', '__lt__', '__module__', '__ne__', '__new__', '__reduce__', '__reduce_ex__', '__repr__', '__rshift__', '__setattr__', '__sizeof__', '__str__', '__subclasshook__', 'acknowledge_all', 'acknowledge_sample', 'close', 'closed', 'datareader_cache_status', 'datareader_protocol_status', 'default_filter_state', 'enable', 'enabled', 'find_all_by_topic', 'find_by_name', 'find_by_topic', 'instance_handle', 'is_matched_publication_alive', 'key_value', 'listener', 'liveliness_changed_status', 'lookup_instance', 'matched_publication_data', 'matched_publication_datareader_protocol_status', 'matched_publication_participant_data', 'matched_publications', 'qos', 'read', 'read_data', 'read_loaned', 'requested_deadline_missed_status', 'requested_incompatible_qos_status', 'retain', 'sample_lost_status', 'sample_rejected_status', 'select', 'set_listener', 'status_changes', 'subscriber', 'subscription_matched_status', 'take', 'take_async', 'take_data', 'take_data_async', 'take_loaned', 'topic_description', 'topic_name', 'type_name', 'unretain', 'use_count', 'wait_for_historical_data', 'wait_for_historical_data_async']
**********ODA******** Reader matched publications:
['__add__', '__bool__', '__class__', '__contains__', '__delattr__', '__delitem__', '__dir__', '__doc__', '__eq__', '__format__', '__ge__', '__getattribute__', '__getitem__', '__getstate__', '__gt__', '__hash__', '__iadd__', '__imul__', '__init__', '__init_subclass__', '__iter__', '__le__', '__len__', '__lt__', '__module__', '__mul__', '__ne__', '__new__', '__reduce__', '__reduce_ex__', '__repr__', '__rmul__', '__setattr__', '__setitem__', '__sizeof__', '__str__', '__subclasshook__', 'append', 'clear', 'count', 'extend', 'insert', 'pop', 'remove']
*********ODA********* Current publication: 01010953cb4a94a0d211a79080008402
[14:41:30.f] [ERROR] [FunctionCapabilityListener.4393992144] Error processing function capability: 'NoneType' object is not subscriptable
[14:41:30.f] [ERROR] [FunctionCapabilityListener.4393992144] Error processing function capability: 'NoneType' object is not subscriptable
2025-04-06 14:41:30,134 - FunctionCapabilityListener.4393992144 - ERROR - Error processing function capability: 'NoneType' object is not subscriptable
